

HI-TECH Software 8051 Macro Assembler V9.60                                Page 1
                                                       Tue Apr 04 13:33:31 2023

     1                           	psect	idata,class=DATA,space=1,limit=080h
     2                           	psect	irdata,class=DATA,limit=080h
     3                           	global	_main
     4                           	signat	_main,88
     5                           	global	stack_internal
     6                           	psect	text,class=CODE
     7                           	psect	text
     8                           	file	"C:\Users\student\Desktop\52904~1\kv\17831
                                 ~1\main.c"
     9                           	line	5
    10  0000'                    _main:
    11  0000' 02 013C'           	j	f1411
    12  0003'                    f1410:
    13                           ;main.c: 4: void main()
    14                           
    15                           ;main.c: 5: {
    16                           
    17                           	psect	data,class=CODE
    18                           	psect	data
    19  0000'                    F157:
    20  0000' 30                 	db	(48)
    21  0001' 31                 	db	(49)
    22  0002' 32                 	db	(50)
    23  0003' 33                 	db	(51)
    24  0004' 34                 	db	(52)
    25  0005' 35                 	db	(53)
    26  0006' 36                 	db	(54)
    27  0007' 37                 	db	(55)
    28  0008' 38                 	db	(56)
    29  0009' 39                 	db	(57)
    30  000A' 41                 	db	(65)
    31  000B' 42                 	db	(66)
    32  000C' 43                 	db	(67)
    33  000D' 44                 	db	(68)
    34  000E' 45                 	db	(69)
    35                           ;	var   _symbol assigned to ?a_main+0
    36                           ;main.c: 6: char symbol[3][5]={{'0','1','2','3',
                                 '4'},
    37                           
    38                           ;main.c: 7: {'5','6','7','8','9'},
    39                           
    40                           ;main.c: 8: {'A','B','C','D','E'}};
    41                           
    42                           	psect	text
    43                           	line	8
    44  0003' 78 00'             	mov	r0,#high (F157)
    45  0005' 79 00'             	mov	r1,#low (F157)
    46  0007' 7A 00'             	mov	r2,#high (?a_main+0)
    47  0009' 7B 00'             	mov	r3,#low (?a_main+0)
    48  000B' 7D 0F              	mov	r5,#low 15
    49  000D' 7C 00              	mov	r4,#high 15
    50                           	global	str_copy
    51  000F' 12 0000'           	lcall	str_copy
    52                           ;main.c: 9: P0 = 0x38;
    53                           
    54                           	line	9
    55  0012' 75 80 38           	mov	080h,#56
    56                           ;main.c: 10: P2 = 0x1;
    57                           
    58                           	line	10
    59  0015' 75 A0 01           	mov	0A0h,#1
    60                           ;main.c: 11: P2 = 0x0;
    61                           
    62                           	line	11
    63  0018' 75 A0 00           	mov	0A0h,#0
    64                           ;main.c: 12: P0 = 0x80;
    65                           
    66                           	line	12
    67  001B' 75 80 80           	mov	080h,#128
    68                           ;main.c: 13: P2 = 0x1;
    69                           
    70                           	line	13
    71  001E' 75 A0 01           	mov	0A0h,#1
    72                           ;main.c: 14: P2 = 0x0;
    73                           
    74                           	line	14
    75  0021' 75 A0 00           	mov	0A0h,#0
    76                           ;main.c: 17: while(1){
    77                           
    78                           	line	17
    79  0024'                    l5:
    80                           ;main.c: 19: P10 = 0;
    81                           
    82                           	line	19
    83  0024' C2 90              	clr	p1.0
    84                           ;main.c: 20: if(P13 == 0){ P0 = symbol[0][4]; P2
                                  = 0x3; P2 = 0x2;}
    85                           
    86                           	line	20
    87  0026' 20 93 02           	bb	p1.3, u11
    88  0029' 80 02              	jmp	u10
    89  002B'                    u11:
    90  002B' 80 0A              	jmp	l7
    91  002D'                    u10:
    92  002D' 79 04'             	mov	r1,#?a_main+0+04h
    93  002F' 87 80              	mov	080h,@r1
    94  0031' 75 A0 03           	mov	0A0h,#3
    95  0034' 75 A0 02           	mov	0A0h,#2
    96  0037'                    l7:
    97                           ;main.c: 21: if(P14 == 0){ P0 = symbol[0][3]; P2
                                  = 0x3; P2 = 0x2;}
    98                           
    99                           	line	21
   100  0037' 20 94 02           	bb	p1.4, u21
   101  003A' 80 02              	jmp	u20
   102  003C'                    u21:
   103  003C' 80 0A              	jmp	l8
   104  003E'                    u20:
   105  003E' 79 03'             	mov	r1,#?a_main+0+03h
   106  0040' 87 80              	mov	080h,@r1
   107  0042' 75 A0 03           	mov	0A0h,#3
   108  0045' 75 A0 02           	mov	0A0h,#2
   109  0048'                    l8:
   110                           ;main.c: 22: if(P15 == 0){ P0 = symbol[0][2]; P2
                                  = 0x3; P2 = 0x2;}
   111                           
   112                           	line	22
   113  0048' 20 95 02           	bb	p1.5, u31
   114  004B' 80 02              	jmp	u30
   115  004D'                    u31:
   116  004D' 80 0A              	jmp	l9
   117  004F'                    u30:
   118  004F' 79 02'             	mov	r1,#?a_main+0+02h
   119  0051' 87 80              	mov	080h,@r1
   120  0053' 75 A0 03           	mov	0A0h,#3
   121  0056' 75 A0 02           	mov	0A0h,#2
   122  0059'                    l9:
   123                           ;main.c: 23: if(P16 == 0){ P0 = symbol[0][1]; P2
                                  = 0x3; P2 = 0x2;}
   124                           
   125                           	line	23
   126  0059' 20 96 02           	bb	p1.6, u41
   127  005C' 80 02              	jmp	u40
   128  005E'                    u41:
   129  005E' 80 0A              	jmp	l10
   130  0060'                    u40:
   131  0060' 79 01'             	mov	r1,#?a_main+0+01h
   132  0062' 87 80              	mov	080h,@r1
   133  0064' 75 A0 03           	mov	0A0h,#3
   134  0067' 75 A0 02           	mov	0A0h,#2
   135  006A'                    l10:
   136                           ;main.c: 24: if(P17 == 0){ P0 = symbol[0][0]; P2
                                  = 0x3; P2 = 0x2;}
   137                           
   138                           	line	24
   139  006A' 20 97 02           	bb	p1.7, u51
   140  006D' 80 02              	jmp	u50
   141  006F'                    u51:
   142  006F' 80 0A              	jmp	l11
   143  0071'                    u50:
   144  0071' 79 00'             	mov	r1,#?a_main+0
   145  0073' 87 80              	mov	080h,@r1
   146  0075' 75 A0 03           	mov	0A0h,#3
   147  0078' 75 A0 02           	mov	0A0h,#2
   148  007B'                    l11:
   149                           ;main.c: 25: P10 = 1;
   150                           
   151                           	line	25
   152  007B' D2 90              	setb	p1.0
   153                           ;main.c: 27: P11 = 0;
   154                           
   155                           	line	27
   156  007D' C2 91              	clr	p1.1
   157                           ;main.c: 28: if(P13 == 0){ P0 = symbol[1][4]; P2
                                  = 0x3; P2 = 0x2;}
   158                           
   159                           	line	28
   160  007F' 20 93 02           	bb	p1.3, u61
   161  0082' 80 02              	jmp	u60
   162  0084'                    u61:
   163  0084' 80 0A              	jmp	l12
   164  0086'                    u60:
   165  0086' 79 09'             	mov	r1,#?a_main+0+09h
   166  0088' 87 80              	mov	080h,@r1
   167  008A' 75 A0 03           	mov	0A0h,#3
   168  008D' 75 A0 02           	mov	0A0h,#2
   169  0090'                    l12:
   170                           ;main.c: 29: if(P14 == 0){ P0 = symbol[1][3]; P2
                                  = 0x3; P2 = 0x2;}
   171                           
   172                           	line	29
   173  0090' 20 94 02           	bb	p1.4, u71
   174  0093' 80 02              	jmp	u70
   175  0095'                    u71:
   176  0095' 80 0A              	jmp	l13
   177  0097'                    u70:
   178  0097' 79 08'             	mov	r1,#?a_main+0+08h
   179  0099' 87 80              	mov	080h,@r1
   180  009B' 75 A0 03           	mov	0A0h,#3
   181  009E' 75 A0 02           	mov	0A0h,#2
   182  00A1'                    l13:
   183                           ;main.c: 30: if(P15 == 0){ P0 = symbol[1][2]; P2
                                  = 0x3; P2 = 0x2;}
   184                           
   185                           	line	30
   186  00A1' 20 95 02           	bb	p1.5, u81
   187  00A4' 80 02              	jmp	u80
   188  00A6'                    u81:
   189  00A6' 80 0A              	jmp	l14
   190  00A8'                    u80:
   191  00A8' 79 07'             	mov	r1,#?a_main+0+07h
   192  00AA' 87 80              	mov	080h,@r1
   193  00AC' 75 A0 03           	mov	0A0h,#3
   194  00AF' 75 A0 02           	mov	0A0h,#2
   195  00B2'                    l14:
   196                           ;main.c: 31: if(P16 == 0){ P0 = symbol[1][1]; P2
                                  = 0x3; P2 = 0x2;}
   197                           
   198                           	line	31
   199  00B2' 20 96 02           	bb	p1.6, u91
   200  00B5' 80 02              	jmp	u90
   201  00B7'                    u91:
   202  00B7' 80 0A              	jmp	l15
   203  00B9'                    u90:
   204  00B9' 79 06'             	mov	r1,#?a_main+0+06h
   205  00BB' 87 80              	mov	080h,@r1
   206  00BD' 75 A0 03           	mov	0A0h,#3
   207  00C0' 75 A0 02           	mov	0A0h,#2
   208  00C3'                    l15:
   209                           ;main.c: 32: if(P17 == 0){ P0 = symbol[1][0]; P2
                                  = 0x3; P2 = 0x2;}
   210                           
   211                           	line	32
   212  00C3' 20 97 02           	bb	p1.7, u101
   213  00C6' 80 02              	jmp	u100
   214  00C8'                    u101:
   215  00C8' 80 0A              	jmp	l16
   216  00CA'                    u100:
   217  00CA' 79 05'             	mov	r1,#?a_main+0+05h
   218  00CC' 87 80              	mov	080h,@r1
   219  00CE' 75 A0 03           	mov	0A0h,#3
   220  00D1' 75 A0 02           	mov	0A0h,#2
   221  00D4'                    l16:
   222                           ;main.c: 33: P11 = 1;
   223                           
   224                           	line	33
   225  00D4' D2 91              	setb	p1.1
   226                           ;main.c: 35: P12 = 0;
   227                           
   228                           	line	35
   229  00D6' C2 92              	clr	p1.2
   230                           ;main.c: 36: if(P13 == 0){ P0 = symbol[2][4]; P2
                                  = 0x3; P2 = 0x2;}
   231                           
   232                           	line	36
   233  00D8' 20 93 02           	bb	p1.3, u111
   234  00DB' 80 02              	jmp	u110
   235  00DD'                    u111:
   236  00DD' 80 0A              	jmp	l17
   237  00DF'                    u110:
   238  00DF' 79 0E'             	mov	r1,#?a_main+0+0Eh
   239  00E1' 87 80              	mov	080h,@r1
   240  00E3' 75 A0 03           	mov	0A0h,#3
   241  00E6' 75 A0 02           	mov	0A0h,#2
   242  00E9'                    l17:
   243                           ;main.c: 37: if(P14 == 0){ P0 = symbol[2][3]; P2
                                  = 0x3; P2 = 0x2;}
   244                           
   245                           	line	37
   246  00E9' 20 94 02           	bb	p1.4, u121
   247  00EC' 80 02              	jmp	u120
   248  00EE'                    u121:
   249  00EE' 80 0A              	jmp	l18
   250  00F0'                    u120:
   251  00F0' 79 0D'             	mov	r1,#?a_main+0+0Dh
   252  00F2' 87 80              	mov	080h,@r1
   253  00F4' 75 A0 03           	mov	0A0h,#3
   254  00F7' 75 A0 02           	mov	0A0h,#2
   255  00FA'                    l18:
   256                           ;main.c: 38: if(P15 == 0){ P0 = symbol[2][2]; P2
                                  = 0x3; P2 = 0x2;}
   257                           
   258                           	line	38
   259  00FA' 20 95 02           	bb	p1.5, u131
   260  00FD' 80 02              	jmp	u130
   261  00FF'                    u131:
   262  00FF' 80 0A              	jmp	l19
   263  0101'                    u130:
   264  0101' 79 0C'             	mov	r1,#?a_main+0+0Ch
   265  0103' 87 80              	mov	080h,@r1
   266  0105' 75 A0 03           	mov	0A0h,#3
   267  0108' 75 A0 02           	mov	0A0h,#2
   268  010B'                    l19:
   269                           ;main.c: 39: if(P16 == 0){ P0 = symbol[2][1]; P2
                                  = 0x3; P2 = 0x2;}
   270                           
   271                           	line	39
   272  010B' 20 96 02           	bb	p1.6, u141
   273  010E' 80 02              	jmp	u140
   274  0110'                    u141:
   275  0110' 80 0A              	jmp	l20
   276  0112'                    u140:
   277  0112' 79 0B'             	mov	r1,#?a_main+0+0Bh
   278  0114' 87 80              	mov	080h,@r1
   279  0116' 75 A0 03           	mov	0A0h,#3
   280  0119' 75 A0 02           	mov	0A0h,#2
   281  011C'                    l20:
   282                           ;main.c: 40: if(P17 == 0){ P0 = symbol[2][0]; P2
                                  = 0x3; P2 = 0x2;}
   283                           
   284                           	line	40
   285  011C' 20 97 02           	bb	p1.7, u151
   286  011F' 80 02              	jmp	u150
   287  0121'                    u151:
   288  0121' 80 0A              	jmp	l21
   289  0123'                    u150:
   290  0123' 79 0A'             	mov	r1,#?a_main+0+0Ah
   291  0125' 87 80              	mov	080h,@r1
   292  0127' 75 A0 03           	mov	0A0h,#3
   293  012A' 75 A0 02           	mov	0A0h,#2
   294  012D'                    l21:
   295                           ;main.c: 41: P12 = 1;
   296                           
   297                           	line	41
   298  012D' D2 92              	setb	p1.2
   299                           ;main.c: 43: P0 = 0x01;
   300                           
   301                           	line	43
   302  012F' 75 80 01           	mov	080h,#1
   303                           ;main.c: 44: P2 = 0x1;
   304                           
   305                           	line	44
   306  0132' 75 A0 01           	mov	0A0h,#1
   307                           ;main.c: 45: P2 = 0x0;
   308                           
   309                           	line	45
   310  0135' 75 A0 00           	mov	0A0h,#0
   311                           	line	46
   312  0138'                    l4:
   313                           	line	17
   314  0138' 02 0024'           	jmp	l5
   315  013B'                    l6:
   316                           ;main.c: 46: }
   317                           
   318                           ;main.c: 47: }
   319                           
   320                           	line	47
   321  013B'                    l3:
   322  013B' 22                 	ret
   323  013C'                    f1411:
   324  013C' 02 0003'           	j	f1410
   325                           	FNSIZE	_main,15,0
   326                           	global	?a_main
   327  0000                     f1412	equ	0
   328  0000                     _A10	equ	162
   329  0000                     _A11	equ	163
   330  0000                     _A12	equ	164
   331  0000                     _A13	equ	165
   332  0000                     _A14	equ	166
   333  0000                     _A15	equ	167
   334  0000                     _A8	equ	160
   335  0000                     _A9	equ	161
   336  0000                     _AC	equ	214
   337  0000                     _ACC0	equ	224
   338  0000                     _ACC1	equ	225
   339  0000                     _ACC2	equ	226
   340  0000                     _ACC3	equ	227
   341  0000                     _ACC4	equ	228
   342  0000                     _ACC5	equ	229
   343  0000                     _ACC6	equ	230
   344  0000                     _ACC7	equ	231
   345  0000                     _AD0	equ	128
   346  0000                     _AD1	equ	129
   347  0000                     _AD2	equ	130
   348  0000                     _AD3	equ	131
   349  0000                     _AD4	equ	132
   350  0000                     _AD5	equ	133
   351  0000                     _AD6	equ	134
   352  0000                     _AD7	equ	135
   353  0000                     _B0	equ	240
   354  0000                     _B1	equ	241
   355  0000                     _B2	equ	242
   356  0000                     _B3	equ	243
   357  0000                     _B4	equ	244
   358  0000                     _B5	equ	245
   359  0000                     _B6	equ	246
   360  0000                     _B7	equ	247
   361  0000                     _CY	equ	215
   362  0000                     _EA	equ	175
   363  0000                     _ES	equ	172
   364  0000                     _ET0	equ	169
   365  0000                     _ET1	equ	171
   366  0000                     _EX0	equ	168
   367  0000                     _EX1	equ	170
   368  0000                     _F0	equ	213
   369  0000                     _IE0	equ	137
   370  0000                     _IE1	equ	139
   371  0000                     _INT0	equ	178
   372  0000                     _INT1	equ	179
   373  0000                     _IT0	equ	136
   374  0000                     _IT1	equ	138
   375  0000                     _OV	equ	210
   376  0000                     _P	equ	208
   377  0000                     _P00	equ	128
   378  0000                     _P01	equ	129
   379  0000                     _P02	equ	130
   380  0000                     _P03	equ	131
   381  0000                     _P04	equ	132
   382  0000                     _P05	equ	133
   383  0000                     _P06	equ	134
   384  0000                     _P07	equ	135
   385  0000                     _P10	equ	144
   386  0000                     _P11	equ	145
   387  0000                     _P12	equ	146
   388  0000                     _P13	equ	147
   389  0000                     _P14	equ	148
   390  0000                     _P15	equ	149
   391  0000                     _P16	equ	150
   392  0000                     _P17	equ	151
   393  0000                     _P20	equ	160
   394  0000                     _P21	equ	161
   395  0000                     _P22	equ	162
   396  0000                     _P23	equ	163
   397  0000                     _P24	equ	164
   398  0000                     _P25	equ	165
   399  0000                     _P26	equ	166
   400  0000                     _P27	equ	167
   401  0000                     _P30	equ	176
   402  0000                     _P31	equ	177
   403  0000                     _P32	equ	178
   404  0000                     _P33	equ	179
   405  0000                     _P34	equ	180
   406  0000                     _P35	equ	181
   407  0000                     _P36	equ	182
   408  0000                     _P37	equ	183
   409  0000                     _PS	equ	188
   410  0000                     _PT0	equ	185
   411  0000                     _PT1	equ	187
   412  0000                     _PX0	equ	184
   413  0000                     _PX1	equ	186
   414  0000                     _RB8	equ	154
   415  0000                     _RD	equ	183
   416  0000                     _REN	equ	156
   417  0000                     _RI	equ	152
   418  0000                     _RS0	equ	211
   419  0000                     _RS1	equ	212
   420  0000                     _RXD	equ	176
   421  0000                     _SM0	equ	159
   422  0000                     _SM1	equ	158
   423  0000                     _SM2	equ	157
   424  0000                     _T0	equ	180
   425  0000                     _T1	equ	181
   426  0000                     _TB8	equ	155
   427  0000                     _TF0	equ	141
   428  0000                     _TF1	equ	143
   429  0000                     _TI	equ	153
   430  0000                     _TR0	equ	140
   431  0000                     _TR1	equ	142
   432  0000                     _TXD	equ	177
   433  0000                     _WR	equ	182
   434  0000                     _ACC	equ	224
   435  0000                     _B	equ	240
   436  0000                     _DPH	equ	131
   437  0000                     _DPL	equ	130
   438  0000                     _IE	equ	168
   439  0000                     _IP	equ	184
   440  0000                     _P0	equ	128
   441  0000                     _P1	equ	144
   442  0000                     _P2	equ	160
   443  0000                     _P3	equ	176
   444  0000                     _PCON	equ	135
   445  0000                     _PSW	equ	208
   446  0000                     _SBUF	equ	153
   447  0000                     _SCON	equ	152
   448  0000                     _SP	equ	129
   449  0000                     _TCON	equ	136
   450  0000                     _TH0	equ	140
   451  0000                     _TH1	equ	141
   452  0000                     _TL0	equ	138
   453  0000                     _TL1	equ	139
   454  0000                     _TMOD	equ	137
   455  0000                     _ACC_BITS	equ	224
   456  0000                     _B_BITS	equ	240
   457  0000                     _IE_BITS	equ	168
   458  0000                     _IP_BITS	equ	184
   459  0000                     _P0_BITS	equ	128
   460  0000                     _P1_BITS	equ	144
   461  0000                     _P2_BITS	equ	160
   462  0000                     _P3_BITS	equ	176
   463  0000                     _PCON_BITS	equ	135
   464  0000                     _PSW_BITS	equ	208
   465  0000                     _SCON_BITS	equ	152
   466  0000                     _TCON_BITS	equ	136
   467  0000                     _TMOD_BITS	equ	137


HI-TECH Software 8051 Macro Assembler V9.60                                Page 2
Symbol Table                                           Tue Apr 04 13:33:31 2023

       ?a_main 00000*             _B 000F0              l3 0013B  
            l4 00138              l5 00024              _P 000D0  
            l6 0013B              l7 00037              l8 00048  
            l9 00059             _B0 000F0             _B1 000F1  
           _B2 000F2             _B3 000F3             _B4 000F4  
           _B5 000F5             _B6 000F6             _A8 000A0  
           _B7 000F7             _A9 000A1             _F0 000D5  
           _AC 000D6             l10 0006A             l11 0007B  
           l20 0011C             l12 00090             l21 0012D  
           l13 000A1             l14 000B2             _EA 000AF  
           l15 000C3             l16 000D4             l17 000E9  
           l18 000FA             l19 0010B             _P0 00080  
           _P1 00090             _P2 000A0             _P3 000B0  
           _IE 000A8             _T0 000B4             _T1 000B5  
           _ES 000AC             _CY 000D7             _IP 000B8  
           _RD 000B7             u10 0002D             u11 0002B  
           u20 0003E             _RI 00098             u21 0003C  
           u30 0004F             u31 0004D             u40 00060  
           _TI 00099             u41 0005E             u50 00071  
           _PS 000BC             u51 0006F             _OV 000D2  
           u60 00086             u61 00084             _SP 00081  
           u70 00097             u71 00095             u80 000A8  
           u81 000A6             u90 000B9             u91 000B7  
           _WR 000B6         _B_BITS 000F0            F157 00000  
          _A10 000A2            _A11 000A3            _A12 000A4  
          _A13 000A5            _A14 000A6            _A15 000A7  
          _AD0 00080            _AD1 00081            _AD2 00082  
          _AD3 00083            _AD4 00084            _AD5 00085  
          _AD6 00086            _AD7 00087            _ACC 000E0  
          _P00 00080            _P01 00081            _P10 00090  
          _P02 00082            _P11 00091            _P03 00083  
          _P20 000A0            _P12 00092            _P04 00084  
          _P21 000A1            _P13 00093            _P05 00085  
          _P30 000B0            _P22 000A2            _P14 00094  
          _P06 00086            _P31 000B1            _P23 000A3  
          _P15 00095            _P07 00087            _P32 000B2  
          _P24 000A4            _P16 00096            _P33 000B3  
          _P25 000A5            _P17 00097            _P34 000B4  
          _P26 000A6            _P35 000B5            _P27 000A7  
          _P36 000B6            _P37 000B7            _IE0 00089  
          _IE1 0008B            _ET0 000A9            _ET1 000AB  
          _EX0 000A8            _EX1 000AA            _DPH 00083  
          _DPL 00082            _IT0 00088            _IT1 0008A  
          _RB8 0009A            u100 000CA            u101 000C8  
          u110 000DF            u111 000DD            u120 000F0  
          u121 000EE            u130 00101            u131 000FF  
          _TF0 0008D            _TB8 0009B            u140 00112  
          _TF1 0008F            u141 00110            u150 00123  
          u151 00121            _TH0 0008C            _TH1 0008D  
          _SM0 0009F            _SM1 0009E            _TL0 0008A  
          _SM2 0009D            _PT0 000B9            _TL1 0008B  
          _PT1 000BB            _RS0 000D3            _RS1 000D4  
          _REN 0009C            _PX0 000B8            _PX1 000BA  
          _TR0 0008C            _TR1 0008E            _RXD 000B0  
          _PSW 000D0            _TXD 000B1        _P0_BITS 00080  
      _P1_BITS 00090        _P2_BITS 000A0        _P3_BITS 000B0  
      _IE_BITS 000A8       _ACC_BITS 000E0        _IP_BITS 000B8  
         f1410 00003           f1411 0013C           f1412 00000  
         _ACC0 000E0           _ACC1 000E1           _ACC2 000E2  
         _ACC3 000E3           _ACC4 000E4           _ACC5 000E5  
         _ACC6 000E6           _ACC7 000E7  stack_internal 00000* 
         _INT0 000B2           _INT1 000B3           _PCON 00087  
         _SCON 00098           _SBUF 00099           _TCON 00088  
         _TMOD 00089           _main 00000       _PSW_BITS 000D0  
    _PCON_BITS 00087      _SCON_BITS 00098      _TCON_BITS 00088  
      str_copy 00000*     _TMOD_BITS 00089  
